SEMANA1
    PROGRAMA03 - VARIAVEL COM SINAL
    PROGRAMA04 - MOVER VALORES
    PROGRAMA05 - FUNÇÃO Z(OCULTAR ZEROS)
    PROGRAMA06 - MOVE (EXEMPLOS)

SEMANA2
    PROG05 - VARIAVEL DE NIVEL(ESTRUTURAL)
    PROG06 - VARIAVEL ESTRUTURAL (GRUPO) - EX2
    PROG07 - SOMA
    PROG08 - EXEMPLO DE OPERAÇÃO SOMA (ADD)
    PROG09 - CALCULAR MEDIA DO ALUNO
    PROG10 - CALCULO DE FRETE
    PROG11 - CALCULO DE FRETE USANDO EVALUATE
    PROG12 - CALCULAR MEDIA COM EVALUATE

SEMANA3
    PROG13 - ADAPTAR COM BOAS PRATICAS
    PROG14 - IMPRESSAO TABUADA 1 AO 10

SEMANA4
    PROG15 - VETORES
    PROG17 - TESTAR CONSUMO DO MODULO DATAMES